<?xml version="1.0" encoding="UTF-8"?>
<!-- Generated by org.testng.reporters.JUnitReportReporter -->
<testsuite hostname="DESKTOP-D26R0D6" name="qaclickacademy.mavenproject.Seleniumtest" tests="1" failures="0" timestamp="9 Dec 2020 09:56:35 GMT" time="0.001" errors="0">
  <testcase name="firstTest" time="0.001" classname="qaclickacademy.mavenproject.Seleniumtest"/>
</testsuite> <!-- qaclickacademy.mavenproject.Seleniumtest -->
