<?xml version="1.0" encoding="UTF-8"?>
<!-- Generated by org.testng.reporters.JUnitReportReporter -->
<testsuite hostname="DESKTOP-D26R0D6" name="qaclickacademy.mavenproject.AppiumTest" tests="1" failures="0" timestamp="9 Dec 2020 09:56:35 GMT" time="0.002" errors="0">
  <testcase name="firstTest" time="0.002" classname="qaclickacademy.mavenproject.AppiumTest"/>
</testsuite> <!-- qaclickacademy.mavenproject.AppiumTest -->
