<?xml version="1.0" encoding="UTF-8"?>
<!-- Generated by org.testng.reporters.JUnitReportReporter -->
<testsuite skipped="0" hostname="DESKTOP-D26R0D6" name="test.day4" tests="3" failures="0" timestamp="04 Dec 2020 05:47:59 GMT" time="0.012" errors="0">
  <testcase name="WebloginHomeLoan" time="0.003" classname="test.day4"/>
  <testcase name="MobileLoginHomeLoan" time="0.007" classname="test.day4"/>
  <testcase name="LoginAPIHomeLoan" time="0.002" classname="test.day4"/>
</testsuite> <!-- test.day4 -->
