<?xml version="1.0" encoding="UTF-8"?>
<!-- Generated by org.testng.reporters.JUnitReportReporter -->
<testsuite skipped="0" hostname="DESKTOP-D26R0D6" name="Practise.day1" tests="4" failures="0" timestamp="04 Dec 2020 09:19:53 GMT" time="0.018" errors="0">
  <testcase name="acollegeTeachers" time="0.002" classname="Practise.day1"/>
  <testcase name="collegeTransport" time="0.003" classname="Practise.day1"/>
  <testcase name="bcollegeStudent" time="0.009" classname="Practise.day1"/>
  <testcase name="ccollegeEmployees" time="0.004" classname="Practise.day1"/>
</testsuite> <!-- Practise.day1 -->
