<?xml version="1.0" encoding="UTF-8"?>
<!-- Generated by org.testng.reporters.JUnitReportReporter -->
<testsuite skipped="0" hostname="DESKTOP-D26R0D6" name="test.day2" tests="1" failures="0" timestamp="04 Dec 2020 05:47:59 GMT" time="0.003" errors="0">
  <testcase name="ploan" time="0.003" classname="test.day2"/>
</testsuite> <!-- test.day2 -->
