<?xml version="1.0" encoding="UTF-8"?>
<!-- Generated by org.testng.reporters.JUnitReportReporter -->
<testsuite skipped="0" hostname="DESKTOP-D26R0D6" name="Practise.day2" tests="5" failures="0" timestamp="04 Dec 2020 10:27:22 GMT" time="0.021" errors="0">
  <testcase name="boAligned" time="0.002" classname="Practise.day2"/>
  <testcase name="bookedBooks" time="0.007" classname="Practise.day2"/>
  <testcase name="booksAligned" time="0.002" classname="Practise.day2"/>
  <testcase name="boAligned" time="0.001" classname="Practise.day2"/>
  <testcase name="boAligned" time="0.009" classname="Practise.day2"/>
</testsuite> <!-- Practise.day2 -->
