<?xml version="1.0" encoding="UTF-8"?>
<!-- Generated by org.testng.reporters.JUnitReportReporter -->
<testsuite skipped="1" hostname="DESKTOP-D26R0D6" name="test.day3" tests="6" failures="0" timestamp="04 Dec 2020 05:47:59 GMT" time="0.044" errors="0">
  <testcase name="MobileLogincarLoan" time="0.025" classname="test.day3"/>
  <testcase name="WebloginCarLoan" time="0.001" classname="test.day3"/>
  <testcase name="MobilesignoutcarLoan" time="0.014" classname="test.day3"/>
  <testcase name="MobilesignoutcarLoan" time="0.002" classname="test.day3"/>
  <testcase name="MobilesignoutcarLoan" time="0.002" classname="test.day3"/>
  <testcase name="MobilesignimcarLoan" classname="test.day3">
    <skipped/>
  </testcase> <!-- MobilesignimcarLoan -->
</testsuite> <!-- test.day3 -->
