<?xml version="1.0" encoding="UTF-8"?>
<!-- Generated by org.testng.reporters.JUnitReportReporter -->
<testsuite skipped="0" hostname="DESKTOP-D26R0D6" name="qaclickacademy.AppiumTest" tests="2" failures="0" timestamp="2020-12-21T15:37:22 IST" time="0.007" errors="0">
  <testcase name="IOSApps" time="0.007" classname="qaclickacademy.AppiumTest"/>
  <system-out/>
  <testcase name="NativeAPpAndroid" time="0.000" classname="qaclickacademy.AppiumTest"/>
  <system-out/>
</testsuite> <!-- qaclickacademy.AppiumTest -->
