<?xml version="1.0" encoding="UTF-8"?>
<!-- Generated by org.testng.reporters.JUnitReportReporter -->
<testsuite hostname="DESKTOP-D26R0D6" name="test.Day2" tests="1" failures="0" timestamp="3 Dec 2020 12:59:59 GMT" time="0.002" errors="0">
  <testcase name="homeloan" time="0.002" classname="test.Day2"/>
</testsuite> <!-- test.Day2 -->
