<?xml version="1.0" encoding="UTF-8"?>
<!-- Generated by org.testng.reporters.JUnitReportReporter -->
<testsuite hostname="DESKTOP-D26R0D6" name="test.Day1" tests="1" failures="0" timestamp="3 Dec 2020 12:59:59 GMT" time="0.012" errors="0">
  <testcase name="bikeloan" time="0.012" classname="test.Day1"/>
</testsuite> <!-- test.Day1 -->
