<?xml version="1.0" encoding="UTF-8"?>
<!-- Generated by org.testng.reporters.JUnitReportReporter -->
<testsuite skipped="0" hostname="DESKTOP-D26R0D6" name="Academy.validateNavigationBar" tests="1" failures="0" timestamp="18 Dec 2020 12:44:18 GMT" time="0.146" errors="0">
  <testcase name="validateAppNavBar" time="0.146" classname="Academy.validateNavigationBar"/>
</testsuite> <!-- Academy.validateNavigationBar -->
