<?xml version="1.0" encoding="UTF-8"?>
<!-- Generated by org.testng.reporters.JUnitReportReporter -->
<testsuite skipped="0" hostname="DESKTOP-D26R0D6" name="Academy.validateTitle" tests="1" failures="0" timestamp="21 Dec 2020 10:51:04 GMT" time="0.069" errors="0">
  <testcase name="validateAppTitle" time="0.069" classname="Academy.validateTitle"/>
</testsuite> <!-- Academy.validateTitle -->
