<?xml version="1.0" encoding="UTF-8"?>
<!-- Generated by org.testng.reporters.JUnitReportReporter -->
<testsuite hostname="DESKTOP-D26R0D6" name="Testcasesdemo.Testcase" tests="1" failures="0" timestamp="11 Dec 2020 10:50:38 GMT" time="6.049" errors="0">
  <testcase name="login" time="6.049" classname="Testcasesdemo.Testcase"/>
</testsuite> <!-- Testcasesdemo.Testcase -->
