<?xml version="1.0" encoding="UTF-8"?>
<!-- Generated by org.testng.reporters.JUnitReportReporter -->
<testsuite skipped="0" hostname="DESKTOP-D26R0D6" name="rahulshettyacademy.Extentreports.ExtentReportDemo" tests="1" failures="0" timestamp="10 Dec 2020 05:47:52 GMT" time="6.531" errors="0">
  <testcase name="initialDemo" time="6.531" classname="rahulshettyacademy.Extentreports.ExtentReportDemo"/>
</testsuite> <!-- rahulshettyacademy.Extentreports.ExtentReportDemo -->
